-------------------------------------------------------------------------------
Test set: com.junodx.api.controllers.users.UserControllerTest
-------------------------------------------------------------------------------
Tests run: 55, Failures: 1, Errors: 0, Skipped: 0, Time elapsed: 0.812 s <<< FAILURE! - in com.junodx.api.controllers.users.UserControllerTest
testupdate  Time elapsed: 0.001 s  <<< FAILURE!
java.lang.AssertionError: Status expected:<200> but was:<400>
	at com.junodx.api.controllers.users.UserControllerTest.testupdate(UserControllerTest.java:710)

