<?xml version="1.0" encoding="UTF-8"?>
<testsuite xmlns:xsi="http://www.w3.org/2001/XMLSchema-instance" xsi:noNamespaceSchemaLocation="https://maven.apache.org/surefire/maven-surefire-plugin/xsd/surefire-test-report.xsd" name="com.junodx.api.controllers.lab.KitControllerTest" time="0.558" tests="14" errors="0" skipped="0" failures="0">
  <properties>
[...]
</properties>
  <testcase name="testgetKit" classname="com.junodx.api.controllers.lab.KitControllerTest" time="0.146"/>
  <testcase name="testdeleteKit" classname="com.junodx.api.controllers.lab.KitControllerTest" time="0"/>
  <testcase name="testudeleteKitCatchException" classname="com.junodx.api.controllers.lab.KitControllerTest" time="0.096"/>
  <testcase name="testupdateKitException" classname="com.junodx.api.controllers.lab.KitControllerTest" time="0.045"/>
  <testcase name="testcreateKitCatchException" classname="com.junodx.api.controllers.lab.KitControllerTest" time="0.003"/>
  <testcase name="testcreateKit" classname="com.junodx.api.controllers.lab.KitControllerTest" time="0.009"/>
  <testcase name="testgetAllKitException" classname="com.junodx.api.controllers.lab.KitControllerTest" time="0.018"/>
  <testcase name="testGetKitsExample" classname="com.junodx.api.controllers.lab.KitControllerTest" time="0.001"/>
  <testcase name="testGetKitTotalElements" classname="com.junodx.api.controllers.lab.KitControllerTest" time="0"/>
  <testcase name="testupdateKit" classname="com.junodx.api.controllers.lab.KitControllerTest" time="0.024"/>
  <testcase name="testGetKitMax" classname="com.junodx.api.controllers.lab.KitControllerTest" time="0.032"/>
  <testcase name="testGetKitTotalElementsgreatherThanOne" classname="com.junodx.api.controllers.lab.KitControllerTest" time="0.031"/>
  <testcase name="testgetKitException" classname="com.junodx.api.controllers.lab.KitControllerTest" time="0.034"/>
  <testcase name="testcreateKitException" classname="com.junodx.api.controllers.lab.KitControllerTest" time="0.038"/>
</testsuite>