<?xml version="1.0" encoding="UTF-8"?>
<testsuite xmlns:xsi="http://www.w3.org/2001/XMLSchema-instance" xsi:noNamespaceSchemaLocation="https://maven.apache.org/surefire/maven-surefire-plugin/xsd/surefire-test-report.xsd" name="com.junodx.api.services.commerce.OrderServiceTests" time="1.033" tests="158" errors="0" skipped="0" failures="0">
  <properties>
[...]
</properties>
  <testcase name="testupdateOrderFromLabProcessingWithSamplelineItemsException" classname="com.junodx.api.services.commerce.OrderServiceTests" time="0.172"/>
  <testcase name="testsaveOneFromCheckoutForProductException" classname="com.junodx.api.services.commerce.OrderServiceTests" time="0.017"/>
  <testcase name="testupdateLimsWithOrderapprovingProvider" classname="com.junodx.api.services.commerce.OrderServiceTests" time="0.011"/>
  <testcase name="testsaveOneFromCheckoutForinventoryEmptyException" classname="com.junodx.api.services.commerce.OrderServiceTests" time="0.005"/>
  <testcase name="testfindAllException" classname="com.junodx.api.services.commerce.OrderServiceTests" time="0.003"/>
  <testcase name="testupdateOrderFromLabProcessingWithReportOrderException" classname="com.junodx.api.services.commerce.OrderServiceTests" time="0.005"/>
  <testcase name="testassignNewKitToOrderlabProvidersException" classname="com.junodx.api.services.commerce.OrderServiceTests" time="0.007"/>
  <testcase name="testupdateOrderFromShippingEmptyFulfillemnt" classname="com.junodx.api.services.commerce.OrderServiceTests" time="0.009"/>
  <testcase name="testfindByLineItem" classname="com.junodx.api.services.commerce.OrderServiceTests" time="0.002"/>
  <testcase name="testupdateOrderFromShipping" classname="com.junodx.api.services.commerce.OrderServiceTests" time="0.006"/>
  <testcase name="testsaveOneKit" classname="com.junodx.api.services.commerce.OrderServiceTests" time="0.007"/>
  <testcase name="testassignNewKitToOrderException" classname="com.junodx.api.services.commerce.OrderServiceTests" time="0.004"/>
  <testcase name="testupdateOrderFromShippingOrderlineEmptyException" classname="com.junodx.api.services.commerce.OrderServiceTests" time="0.006"/>
  <testcase name="testOps_sendOrderCreateEmailException" classname="com.junodx.api.services.commerce.OrderServiceTests" time="0.005"/>
  <testcase name="testactivateKitOrderFulfillmentException" classname="com.junodx.api.services.commerce.OrderServiceTests" time="0.011"/>
  <testcase name="testupdateOrderFromLabProcessingWithReportTestException" classname="com.junodx.api.services.commerce.OrderServiceTests" time="0.007"/>
  <testcase name="testupdateLimsWithOrderLaboratoryOrderEmptyException" classname="com.junodx.api.services.commerce.OrderServiceTests" time="0.008"/>
  <testcase name="testupdateWithRefundStripeException" classname="com.junodx.api.services.commerce.OrderServiceTests" time="0.006"/>
  <testcase name="testOps_sendOrderCreateEmail" classname="com.junodx.api.services.commerce.OrderServiceTests" time="0.023"/>
  <testcase name="testassignNewKitToOrderLabOrderException" classname="com.junodx.api.services.commerce.OrderServiceTests" time="0"/>
  <testcase name="testsearch" classname="com.junodx.api.services.commerce.OrderServiceTests" time="0.006"/>
  <testcase name="testupdateOrderFromLabProcessingWithReportParentOrderIdException" classname="com.junodx.api.services.commerce.OrderServiceTests" time="0.008"/>
  <testcase name="testupdate" classname="com.junodx.api.services.commerce.OrderServiceTests" time="0.002"/>
  <testcase name="testactivateKitUserException" classname="com.junodx.api.services.commerce.OrderServiceTests" time="0.007"/>
  <testcase name="testsendKitPreparedForShippingException" classname="com.junodx.api.services.commerce.OrderServiceTests" time="0.007"/>
  <testcase name="testupdateOrderFromLabReceiptKitException" classname="com.junodx.api.services.commerce.OrderServiceTests" time="0.006"/>
  <testcase name="testupdateWithKitDetailsTestRunException" classname="com.junodx.api.services.commerce.OrderServiceTests" time="0.012"/>
  <testcase name="testfindOrdersByCustomerException" classname="com.junodx.api.services.commerce.OrderServiceTests" time="0.003"/>
  <testcase name="testupdateOrderWithNewStatusOrderStatusException" classname="com.junodx.api.services.commerce.OrderServiceTests" time="0.002"/>
  <testcase name="testgetEstimatedShipmentTimeElse" classname="com.junodx.api.services.commerce.OrderServiceTests" time="0.004"/>
  <testcase name="testupdateOrderStatus" classname="com.junodx.api.services.commerce.OrderServiceTests" time="0.003"/>
  <testcase name="testupdateWithKitDetailsOrderlabOrderException" classname="com.junodx.api.services.commerce.OrderServiceTests" time="0.011"/>
  <testcase name="testupdateOrderFromLabProcessingWithReportlineItemsException" classname="com.junodx.api.services.commerce.OrderServiceTests" time="0.009"/>
  <testcase name="testupdateWithRefundIntentException" classname="com.junodx.api.services.commerce.OrderServiceTests" time="0.006"/>
  <testcase name="testfindOrdersByCustomer" classname="com.junodx.api.services.commerce.OrderServiceTests" time="0.003"/>
  <testcase name="testprocessStripeWebhookEventException" classname="com.junodx.api.services.commerce.OrderServiceTests" time="0.008"/>
  <testcase name="testupdateOrderFromLabProcessingWithSampleOrderException" classname="com.junodx.api.services.commerce.OrderServiceTests" time="0.006"/>
  <testcase name="testupdateOrderFromSalesforces" classname="com.junodx.api.services.commerce.OrderServiceTests" time="0.009"/>
  <testcase name="testsaveOneFromCheckoutForuserEmptyException" classname="com.junodx.api.services.commerce.OrderServiceTests" time="0.008"/>
  <testcase name="testupdateWithKitDetailsOrderException" classname="com.junodx.api.services.commerce.OrderServiceTests" time="0.006"/>
  <testcase name="testcreateNewFulfillment" classname="com.junodx.api.services.commerce.OrderServiceTests" time="0.008"/>
  <testcase name="testsendOrderHasShippedEmailException" classname="com.junodx.api.services.commerce.OrderServiceTests" time="0.003"/>
  <testcase name="testupdateOrderFromLabReceiptOrderException" classname="com.junodx.api.services.commerce.OrderServiceTests" time="0.008"/>
  <testcase name="testupdateOrderFromLabReceiptSampleException" classname="com.junodx.api.services.commerce.OrderServiceTests" time="0.006"/>
  <testcase name="testupdateLimsWithOrdersException" classname="com.junodx.api.services.commerce.OrderServiceTests" time="0.007"/>
  <testcase name="testsaveOneKitUnsuableException" classname="com.junodx.api.services.commerce.OrderServiceTests" time="0.01"/>
  <testcase name="testupdateOrderFromLabReceiptlabException" classname="com.junodx.api.services.commerce.OrderServiceTests" time="0.006"/>
  <testcase name="testupdateException" classname="com.junodx.api.services.commerce.OrderServiceTests" time="0.003"/>
  <testcase name="testupdateWithRedrawApproveException" classname="com.junodx.api.services.commerce.OrderServiceTests" time="0.005"/>
  <testcase name="testupdateOrderWithNewStatusOrderEmptyStatusException" classname="com.junodx.api.services.commerce.OrderServiceTests" time="0.004"/>
  <testcase name="testsendOrderHasShippedEmail" classname="com.junodx.api.services.commerce.OrderServiceTests" time="0.005"/>
  <testcase name="testupdateWithKitDetailsOrderUpdateException" classname="com.junodx.api.services.commerce.OrderServiceTests" time="0.004"/>
  <testcase name="testupdateWithRedrawOrderCustomerActionRequest" classname="com.junodx.api.services.commerce.OrderServiceTests" time="0.004"/>
  <testcase name="testsaveOneFromCheckoutForDefaultPracticeException" classname="com.junodx.api.services.commerce.OrderServiceTests" time="0.014"/>
  <testcase name="testupdateLimsWithOrder" classname="com.junodx.api.services.commerce.OrderServiceTests" time="0.008"/>
  <testcase name="testcloseOrder" classname="com.junodx.api.services.commerce.OrderServiceTests" time="0.001"/>
  <testcase name="testupdateWithRefundApproveOrderIdException" classname="com.junodx.api.services.commerce.OrderServiceTests" time="0.003"/>
  <testcase name="testupdateOrderFromLabProcessingWithSampleParentOrderIdException" classname="com.junodx.api.services.commerce.OrderServiceTests" time="0.007"/>
  <testcase name="testupdateOrderFromShippingOrderLinesEmptyException" classname="com.junodx.api.services.commerce.OrderServiceTests" time="0.004"/>
  <testcase name="testactivateKitExceptions" classname="com.junodx.api.services.commerce.OrderServiceTests" time="0.01"/>
  <testcase name="testupdateOrderFromLabProcessingWithSampleTestException" classname="com.junodx.api.services.commerce.OrderServiceTests" time="0.005"/>
  <testcase name="testsaveOneFromCheckoutForInventoryItemException" classname="com.junodx.api.services.commerce.OrderServiceTests" time="0.007"/>
  <testcase name="testupdateLimsWithOrderPracticeLimsIdEmptyException" classname="com.junodx.api.services.commerce.OrderServiceTests" time="0.007"/>
  <testcase name="testsaveOneFromCheckoutForDefaultProviderForPracticeException" classname="com.junodx.api.services.commerce.OrderServiceTests" time="0.014"/>
  <testcase name="testsaveOne" classname="com.junodx.api.services.commerce.OrderServiceTests" time="0.011"/>
  <testcase name="testsaveOneFromCheckoutForlabEmptyException" classname="com.junodx.api.services.commerce.OrderServiceTests" time="0.004"/>
  <testcase name="testupdateOrderFromLabReceiptTestException" classname="com.junodx.api.services.commerce.OrderServiceTests" time="0.003"/>
  <testcase name="testupdateWithRefundIntentsException" classname="com.junodx.api.services.commerce.OrderServiceTests" time="0.003"/>
  <testcase name="testupdateOrderFromLabProcessingWithReportLabOrderException" classname="com.junodx.api.services.commerce.OrderServiceTests" time="0.003"/>
  <testcase name="testupdateOrderFromLabProcessingWithSampleReportIdException" classname="com.junodx.api.services.commerce.OrderServiceTests" time="0.004"/>
  <testcase name="testupdateLimsWithOrderPracticeException" classname="com.junodx.api.services.commerce.OrderServiceTests" time="0.004"/>
  <testcase name="testassignNewKitToOrder" classname="com.junodx.api.services.commerce.OrderServiceTests" time="0.006"/>
  <testcase name="testupdateWithRedrawLabEmptyException" classname="com.junodx.api.services.commerce.OrderServiceTests" time="0.004"/>
  <testcase name="testupdateWithRedrawTestRunEmptyException" classname="com.junodx.api.services.commerce.OrderServiceTests" time="0.004"/>
  <testcase name="testupdateWithRefundIntentstripeServiceException" classname="com.junodx.api.services.commerce.OrderServiceTests" time="0.003"/>
  <testcase name="testupdateOrderFromShippingOrderfulfillmentSizeException" classname="com.junodx.api.services.commerce.OrderServiceTests" time="0.004"/>
  <testcase name="testupdateWithRefundApproveException" classname="com.junodx.api.services.commerce.OrderServiceTests" time="0.002"/>
  <testcase name="testupdateLimsWithOrderDefaultProviderForPracticeEmptyException" classname="com.junodx.api.services.commerce.OrderServiceTests" time="0.004"/>
  <testcase name="testsaveOneFromCheckoutForTokenException" classname="com.junodx.api.services.commerce.OrderServiceTests" time="0.005"/>
  <testcase name="testassignExistingKitToOrderProductException" classname="com.junodx.api.services.commerce.OrderServiceTests" time="0.003"/>
  <testcase name="testupdateWithRedrawActionRequestProductIdEmpty" classname="com.junodx.api.services.commerce.OrderServiceTests" time="0.006"/>
  <testcase name="testsaveOneFromCheckoutForInventoryItem" classname="com.junodx.api.services.commerce.OrderServiceTests" time="0.011"/>
  <testcase name="testsaveOneProviderException" classname="com.junodx.api.services.commerce.OrderServiceTests" time="0.005"/>
  <testcase name="testupdateOrderFromLabProcessingWithSampleKitException" classname="com.junodx.api.services.commerce.OrderServiceTests" time="0.006"/>
  <testcase name="testgetEstimatedShipmentTime" classname="com.junodx.api.services.commerce.OrderServiceTests" time="0.001"/>
  <testcase name="testfindOneByOrderId" classname="com.junodx.api.services.commerce.OrderServiceTests" time="0.002"/>
  <testcase name="testupdateOrderWithNewStatusCase1" classname="com.junodx.api.services.commerce.OrderServiceTests" time="0.006"/>
  <testcase name="testupdateOrderWithNewStatusCase2" classname="com.junodx.api.services.commerce.OrderServiceTests" time="0.003"/>
  <testcase name="testupdateOrderWithNewStatusCase3" classname="com.junodx.api.services.commerce.OrderServiceTests" time="0.002"/>
  <testcase name="testupdateOrderWithNewStatusCase4" classname="com.junodx.api.services.commerce.OrderServiceTests" time="0.003"/>
  <testcase name="testsaveOneFromCheckout" classname="com.junodx.api.services.commerce.OrderServiceTests" time="0.009"/>
  <testcase name="testassignExistingKitToOrder" classname="com.junodx.api.services.commerce.OrderServiceTests" time="0.003"/>
  <testcase name="testupdateOrderWithNewStatusOrderException" classname="com.junodx.api.services.commerce.OrderServiceTests" time="0.002"/>
  <testcase name="testupdateWithRedrawOrderCustomerActionRequestException" classname="com.junodx.api.services.commerce.OrderServiceTests" time="0.005"/>
  <testcase name="testcancelOrder" classname="com.junodx.api.services.commerce.OrderServiceTests" time="0.002"/>
  <testcase name="testupdateLimsWithOrderPracticeEmptyException" classname="com.junodx.api.services.commerce.OrderServiceTests" time="0.004"/>
  <testcase name="testfindByLineItemException" classname="com.junodx.api.services.commerce.OrderServiceTests" time="0.003"/>
  <testcase name="testupdateLimsWithOrderDefaultPracticeEmptyException" classname="com.junodx.api.services.commerce.OrderServiceTests" time="0.004"/>
  <testcase name="testactivateKitOrderException" classname="com.junodx.api.services.commerce.OrderServiceTests" time="0.004"/>
  <testcase name="testassignExistingKitToOrderException" classname="com.junodx.api.services.commerce.OrderServiceTests" time="0.002"/>
  <testcase name="testassignNewKitToOrderElementException" classname="com.junodx.api.services.commerce.OrderServiceTests" time="0.003"/>
  <testcase name="testupdateWithRedrawOrderIdException" classname="com.junodx.api.services.commerce.OrderServiceTests" time="0.003"/>
  <testcase name="testupdateLimsWithOrderPatientException" classname="com.junodx.api.services.commerce.OrderServiceTests" time="0.005"/>
  <testcase name="testupdateLimsWithOrderProductLimsIdEmptyException" classname="com.junodx.api.services.commerce.OrderServiceTests" time="0.004"/>
  <testcase name="testupdateOrderFromLabProcessingWithReport" classname="com.junodx.api.services.commerce.OrderServiceTests" time="0.005"/>
  <testcase name="testsendKitPreparedForShipping" classname="com.junodx.api.services.commerce.OrderServiceTests" time="0.002"/>
  <testcase name="testupdateOrderFromLabProcessingWithSample" classname="com.junodx.api.services.commerce.OrderServiceTests" time="0.006"/>
  <testcase name="testupdateWithRedrawCustomerAprroveException" classname="com.junodx.api.services.commerce.OrderServiceTests" time="0.002"/>
  <testcase name="testupdateWithRedraw" classname="com.junodx.api.services.commerce.OrderServiceTests" time="0.003"/>
  <testcase name="testupdateWithRefund" classname="com.junodx.api.services.commerce.OrderServiceTests" time="0.003"/>
  <testcase name="testupdateWithRetest" classname="com.junodx.api.services.commerce.OrderServiceTests" time="0.002"/>
  <testcase name="testupdateWithRedrawrunIdException" classname="com.junodx.api.services.commerce.OrderServiceTests" time="0.002"/>
  <testcase name="testupdateLimsWithOrderupdateLimsEmptyException" classname="com.junodx.api.services.commerce.OrderServiceTests" time="0.006"/>
  <testcase name="testupdateWithRedrawActionRequestlaboratoryServiceIdEmpty" classname="com.junodx.api.services.commerce.OrderServiceTests" time="0.004"/>
  <testcase name="testupdateWithKitDetailsfoundRunEmptyCompletedException" classname="com.junodx.api.services.commerce.OrderServiceTests" time="0.003"/>
  <testcase name="testactivateKit" classname="com.junodx.api.services.commerce.OrderServiceTests" time="0.006"/>
  <testcase name="testdeleteOrder" classname="com.junodx.api.services.commerce.OrderServiceTests" time="0.003"/>
  <testcase name="testsendKitActivatedEmailException" classname="com.junodx.api.services.commerce.OrderServiceTests" time="0.001"/>
  <testcase name="testupdateOrderFromShippingOrderException" classname="com.junodx.api.services.commerce.OrderServiceTests" time="0.003"/>
  <testcase name="testassignExistingKitToOrders" classname="com.junodx.api.services.commerce.OrderServiceTests" time="0.004"/>
  <testcase name="testupdateOrderFromLabReceiptlineItemsException" classname="com.junodx.api.services.commerce.OrderServiceTests" time="0.006"/>
  <testcase name="testsendKitActivatedEmail" classname="com.junodx.api.services.commerce.OrderServiceTests" time="0.002"/>
  <testcase name="testupdateOrderFromLabProcessingWithSamplelabException" classname="com.junodx.api.services.commerce.OrderServiceTests" time="0.005"/>
  <testcase name="testsaveOneFromCheckoutForpaymentEmptyException" classname="com.junodx.api.services.commerce.OrderServiceTests" time="0.003"/>
  <testcase name="testupdateWithKitDetailsTestRunBeyondKitAssignmentException" classname="com.junodx.api.services.commerce.OrderServiceTests" time="0.005"/>
  <testcase name="testsaveOnenull" classname="com.junodx.api.services.commerce.OrderServiceTests" time="0.001"/>
  <testcase name="testupdateWithKitDetailsOrderOpenException" classname="com.junodx.api.services.commerce.OrderServiceTests" time="0.003"/>
  <testcase name="testsaveOnelabOrderException" classname="com.junodx.api.services.commerce.OrderServiceTests" time="0.004"/>
  <testcase name="testfindAll" classname="com.junodx.api.services.commerce.OrderServiceTests" time="0.001"/>
  <testcase name="testsendOrderCreateEmailException" classname="com.junodx.api.services.commerce.OrderServiceTests" time="0.002"/>
  <testcase name="testassignNewKitToOrderlimsOrderException" classname="com.junodx.api.services.commerce.OrderServiceTests" time="0.004"/>
  <testcase name="testupdateOrderFromShippingException" classname="com.junodx.api.services.commerce.OrderServiceTests" time="0.001"/>
  <testcase name="testsaveOneUserException" classname="com.junodx.api.services.commerce.OrderServiceTests" time="0.002"/>
  <testcase name="testsearchempty" classname="com.junodx.api.services.commerce.OrderServiceTests" time="0.003"/>
  <testcase name="testassignExistingKitToOrderlabProvidersException" classname="com.junodx.api.services.commerce.OrderServiceTests" time="0.002"/>
  <testcase name="testupdateWithKitDetailsException" classname="com.junodx.api.services.commerce.OrderServiceTests" time="0.004"/>
  <testcase name="testupdateWithRefundOrderIdException" classname="com.junodx.api.services.commerce.OrderServiceTests" time="0.002"/>
  <testcase name="testactivateKitException" classname="com.junodx.api.services.commerce.OrderServiceTests" time="0.003"/>
  <testcase name="testupdateOrderFromLabReceipt" classname="com.junodx.api.services.commerce.OrderServiceTests" time="0.006"/>
  <testcase name="testupdateLimsWithOrderException" classname="com.junodx.api.services.commerce.OrderServiceTests" time="0.005"/>
  <testcase name="testupdateOrderFromLabReceiptParentOrderIdException" classname="com.junodx.api.services.commerce.OrderServiceTests" time="0.003"/>
  <testcase name="testupdateOrderFromLabProcessingWithReportIdException" classname="com.junodx.api.services.commerce.OrderServiceTests" time="0.003"/>
  <testcase name="testupdateWithLimsDetails" classname="com.junodx.api.services.commerce.OrderServiceTests" time="0.001"/>
  <testcase name="testsaveOneFromCheckoutForinventoryUnitsEmptyException" classname="com.junodx.api.services.commerce.OrderServiceTests" time="0.003"/>
  <testcase name="testupdateWithKitDetailsfoundRunEmptyException" classname="com.junodx.api.services.commerce.OrderServiceTests" time="0.005"/>
  <testcase name="testsendOrderCreateEmail" classname="com.junodx.api.services.commerce.OrderServiceTests" time="0.002"/>
  <testcase name="testupdateWithRedrawApproveOrderIdException" classname="com.junodx.api.services.commerce.OrderServiceTests" time="0.003"/>
  <testcase name="testupdateWithRefundIsCreate" classname="com.junodx.api.services.commerce.OrderServiceTests" time="0.002"/>
  <testcase name="testupdateWithRedrawActionRequestOrderLineItemEmpty" classname="com.junodx.api.services.commerce.OrderServiceTests" time="0.004"/>
  <testcase name="testupdateLimsWithOrderEmptyException" classname="com.junodx.api.services.commerce.OrderServiceTests" time="0.003"/>
  <testcase name="testupdateWithKitDetailsOrderlineitemsException" classname="com.junodx.api.services.commerce.OrderServiceTests" time="0.003"/>
  <testcase name="testsaveOneFromCheckoutForRequiresProviderApproval" classname="com.junodx.api.services.commerce.OrderServiceTests" time="0.006"/>
  <testcase name="testupdateLimsWithOrderProductEmptyException" classname="com.junodx.api.services.commerce.OrderServiceTests" time="0.006"/>
  <testcase name="testupdateWithRedrawOrderLineItemsEmptyException" classname="com.junodx.api.services.commerce.OrderServiceTests" time="0.011"/>
  <testcase name="testupdateWithKitDetailsfoundRunCatchException" classname="com.junodx.api.services.commerce.OrderServiceTests" time="0.01"/>
  <testcase name="testupdateLimsWithOrderapprovingProviderEmptyException" classname="com.junodx.api.services.commerce.OrderServiceTests" time="0.012"/>
  <testcase name="testupdateOrderWithNewStatus" classname="com.junodx.api.services.commerce.OrderServiceTests" time="0.003"/>
  <testcase name="testupdateWithRedrawActionRequest" classname="com.junodx.api.services.commerce.OrderServiceTests" time="0.007"/>
</testsuite>